[debug] [2023-06-24T17:16:02.113Z] ----------------------------------------------------------------------
[debug] [2023-06-24T17:16:02.114Z] Command:       C:\Program Files\nodejs\node.exe C:\Users\keanu\AppData\Roaming\npm\node_modules\firebase-tools\lib\bin\firebase.js init
[debug] [2023-06-24T17:16:02.115Z] CLI Version:   12.4.0
[debug] [2023-06-24T17:16:02.115Z] Platform:      win32
[debug] [2023-06-24T17:16:02.115Z] Node Version:  v18.16.1
[debug] [2023-06-24T17:16:02.116Z] Time:          Sat Jun 24 2023 13:16:02 GMT-0400 (Eastern Daylight Time)
[debug] [2023-06-24T17:16:02.116Z] ----------------------------------------------------------------------
[debug] 
[debug] [2023-06-24T17:16:02.122Z] > command requires scopes: ["email","openid","https://www.googleapis.com/auth/cloudplatformprojects.readonly","https://www.googleapis.com/auth/firebase","https://www.googleapis.com/auth/cloud-platform"]
[debug] [2023-06-24T17:16:02.123Z] > authorizing via signed-in user (orichalcum12@gmail.com)
[info] 
     ######## #### ########  ######## ########     ###     ######  ########
     ##        ##  ##     ## ##       ##     ##  ##   ##  ##       ##
     ######    ##  ########  ######   ########  #########  ######  ######
     ##        ##  ##    ##  ##       ##     ## ##     ##       ## ##
     ##       #### ##     ## ######## ########  ##     ##  ######  ########

You're about to initialize a Firebase project in this directory:

  C:\Users\keanu\Profile\Group-15-Project

[info] 
=== Project Setup
[info] 
[info] First, let's associate this project directory with a Firebase project.
[info] You can create multiple project aliases by running firebase use --add, 
[info] but for now we'll just set up a default project.
[info] 
[debug] [2023-06-24T17:17:48.776Z] >>> [apiv2][query] GET https://firebase.googleapis.com/v1beta1/projects pageSize=100
[debug] [2023-06-24T17:17:49.432Z] <<< [apiv2][status] GET https://firebase.googleapis.com/v1beta1/projects 200
[debug] [2023-06-24T17:17:49.432Z] <<< [apiv2][body] GET https://firebase.googleapis.com/v1beta1/projects [omitted]
[info] i  Using project finalproject-bizzqr (FinalProject-BizzQR) 
[info] 
=== Database Setup
[info] i  database: ensuring required API firebasedatabase.googleapis.com is enabled... 
[debug] [2023-06-24T17:17:53.612Z] >>> [apiv2][query] GET https://serviceusage.googleapis.com/v1/projects/finalproject-bizzqr/services/firebasedatabase.googleapis.com [none]
[debug] [2023-06-24T17:17:53.612Z] >>> [apiv2][(partial)header] GET https://serviceusage.googleapis.com/v1/projects/finalproject-bizzqr/services/firebasedatabase.googleapis.com x-goog-quota-user=projects/finalproject-bizzqr
[debug] [2023-06-24T17:17:54.011Z] <<< [apiv2][status] GET https://serviceusage.googleapis.com/v1/projects/finalproject-bizzqr/services/firebasedatabase.googleapis.com 200
[debug] [2023-06-24T17:17:54.011Z] <<< [apiv2][body] GET https://serviceusage.googleapis.com/v1/projects/finalproject-bizzqr/services/firebasedatabase.googleapis.com [omitted]
[warn] !  database: missing required API firebasedatabase.googleapis.com. Enabling now... 
[debug] [2023-06-24T17:17:54.012Z] >>> [apiv2][query] POST https://serviceusage.googleapis.com/v1/projects/finalproject-bizzqr/services/firebasedatabase.googleapis.com:enable [none]
[debug] [2023-06-24T17:17:54.012Z] >>> [apiv2][(partial)header] POST https://serviceusage.googleapis.com/v1/projects/finalproject-bizzqr/services/firebasedatabase.googleapis.com:enable x-goog-quota-user=projects/finalproject-bizzqr
[debug] [2023-06-24T17:17:54.936Z] <<< [apiv2][status] POST https://serviceusage.googleapis.com/v1/projects/finalproject-bizzqr/services/firebasedatabase.googleapis.com:enable 200
[debug] [2023-06-24T17:17:54.936Z] <<< [apiv2][body] POST https://serviceusage.googleapis.com/v1/projects/finalproject-bizzqr/services/firebasedatabase.googleapis.com:enable [omitted]
[debug] [2023-06-24T17:18:04.944Z] >>> [apiv2][query] GET https://serviceusage.googleapis.com/v1/projects/finalproject-bizzqr/services/firebasedatabase.googleapis.com [none]
[debug] [2023-06-24T17:18:04.944Z] >>> [apiv2][(partial)header] GET https://serviceusage.googleapis.com/v1/projects/finalproject-bizzqr/services/firebasedatabase.googleapis.com x-goog-quota-user=projects/finalproject-bizzqr
[debug] [2023-06-24T17:18:05.304Z] <<< [apiv2][status] GET https://serviceusage.googleapis.com/v1/projects/finalproject-bizzqr/services/firebasedatabase.googleapis.com 200
[debug] [2023-06-24T17:18:05.304Z] <<< [apiv2][body] GET https://serviceusage.googleapis.com/v1/projects/finalproject-bizzqr/services/firebasedatabase.googleapis.com [omitted]
[info] +  database: required API firebasedatabase.googleapis.com is enabled 
[info] 
[debug] [2023-06-24T17:18:05.308Z] >>> [apiv2][query] GET https://firebase.googleapis.com/v1beta1/projects/finalproject-bizzqr [none]
[debug] [2023-06-24T17:18:05.615Z] <<< [apiv2][status] GET https://firebase.googleapis.com/v1beta1/projects/finalproject-bizzqr 200
[debug] [2023-06-24T17:18:05.616Z] <<< [apiv2][body] GET https://firebase.googleapis.com/v1beta1/projects/finalproject-bizzqr {"projectId":"finalproject-bizzqr","projectNumber":"1002524993571","displayName":"FinalProject-BizzQR","name":"projects/finalproject-bizzqr","resources":{"hostingSite":"finalproject-bizzqr"},"state":"ACTIVE","etag":"1_f6c16c42-cd8d-4a41-a73d-2bfebf3c33be"}
[info] 
[info] Firebase Realtime Database Security Rules allow you to define how your data should be
[info] structured and when your data can be read from and written to.
[info] 
